<?xml version="1.0" encoding="UTF-8"?>
<!-- Generated by org.testng.reporters.JUnitXMLReporter -->
<testsuite hostname="Admin-PC" ignored="0" name="Command line test" tests="6" failures="0" timestamp="27 Mar 2019 17:46:30 GMT" time="0.057" errors="0">
  <testcase name="AppiummTest" time="0.009" classname="qaclickacdemy.AppiumTest"/>
  <testcase name="iOSAndroid" time="0.001" classname="qaclickacdemy.AppiumTest"/>
  <testcase name="deleteTwitter" time="0.001" classname="qaclickacdemy.RESTAPITest"/>
  <testcase name="postJira" time="0.001" classname="qaclickacdemy.RESTAPITest"/>
  <testcase name="BrowserAutomation" time="0.0" classname="qaclickacdemy.SeleniumTest"/>
  <testcase name="ElementsUi" time="0.0" classname="qaclickacdemy.SeleniumTest"/>
</testsuite> <!-- Command line test -->
