<?xml version="1.0" encoding="UTF-8"?>
<!-- Generated by org.testng.reporters.JUnitXMLReporter -->
<testsuite hostname="Admin-PC" ignored="0" name="Test" tests="4" failures="0" timestamp="27 Mar 2019 18:00:25 GMT" time="0.042" errors="0">
  <testcase name="deleteTwitter" time="0.01" classname="qaclickacdemy.RESTAPITest"/>
  <testcase name="postJira" time="0.0" classname="qaclickacdemy.RESTAPITest"/>
  <testcase name="AppiummTest" time="0.0" classname="qaclickacdemy.AppiumTest"/>
  <testcase name="iOSAndroid" time="0.001" classname="qaclickacdemy.AppiumTest"/>
</testsuite> <!-- Test -->
