<?xml version="1.0" encoding="UTF-8"?>
<testng-results skipped="0" failed="0" ignored="0" total="4" passed="4">
  <reporter-output>
  </reporter-output>
  <suite name="Suite" duration-ms="42" started-at="2019-03-27T18:00:25Z" finished-at="2019-03-27T18:00:25Z">
    <groups>
    </groups>
    <test name="Test" duration-ms="42" started-at="2019-03-27T18:00:25Z" finished-at="2019-03-27T18:00:25Z">
      <class name="qaclickacdemy.RESTAPITest">
        <test-method status="PASS" signature="deleteTwitter()[pri:0, instance:qaclickacdemy.RESTAPITest@dfd3711]" name="deleteTwitter" duration-ms="10" started-at="2019-03-27T23:30:25Z" finished-at="2019-03-27T23:30:25Z">
          <reporter-output>
          </reporter-output>
        </test-method> <!-- deleteTwitter -->
        <test-method status="PASS" signature="postJira()[pri:0, instance:qaclickacdemy.RESTAPITest@dfd3711]" name="postJira" duration-ms="0" started-at="2019-03-27T23:30:25Z" finished-at="2019-03-27T23:30:25Z">
          <reporter-output>
          </reporter-output>
        </test-method> <!-- postJira -->
      </class> <!-- qaclickacdemy.RESTAPITest -->
      <class name="qaclickacdemy.AppiumTest">
        <test-method status="PASS" signature="AppiummTest()[pri:0, instance:qaclickacdemy.AppiumTest@5f2050f6]" name="AppiummTest" duration-ms="0" started-at="2019-03-27T23:30:25Z" finished-at="2019-03-27T23:30:25Z">
          <reporter-output>
          </reporter-output>
        </test-method> <!-- AppiummTest -->
        <test-method status="PASS" signature="iOSAndroid()[pri:0, instance:qaclickacdemy.AppiumTest@5f2050f6]" name="iOSAndroid" duration-ms="1" started-at="2019-03-27T23:30:25Z" finished-at="2019-03-27T23:30:25Z">
          <reporter-output>
          </reporter-output>
        </test-method> <!-- iOSAndroid -->
      </class> <!-- qaclickacdemy.AppiumTest -->
    </test> <!-- Test -->
  </suite> <!-- Suite -->
</testng-results>
