<?xml version="1.0" encoding="UTF-8"?>
<testng-results skipped="0" failed="0" ignored="0" total="4" passed="4">
  <reporter-output>
  </reporter-output>
  <suite name="Suite" duration-ms="135" started-at="2019-03-27T17:38:54Z" finished-at="2019-03-27T17:38:54Z">
    <groups>
    </groups>
    <test name="Test" duration-ms="135" started-at="2019-03-27T17:38:54Z" finished-at="2019-03-27T17:38:54Z">
      <class name="qaclickacdemy.RESTAPITest">
        <test-method status="PASS" signature="deleteTwitter()[pri:0, instance:qaclickacdemy.RESTAPITest@548e7350]" name="deleteTwitter" duration-ms="38" started-at="2019-03-27T17:38:54Z" finished-at="2019-03-27T17:38:54Z">
          <reporter-output>
          </reporter-output>
        </test-method> <!-- deleteTwitter -->
        <test-method status="PASS" signature="postJira()[pri:0, instance:qaclickacdemy.RESTAPITest@548e7350]" name="postJira" duration-ms="4" started-at="2019-03-27T17:38:54Z" finished-at="2019-03-27T17:38:54Z">
          <reporter-output>
          </reporter-output>
        </test-method> <!-- postJira -->
      </class> <!-- qaclickacdemy.RESTAPITest -->
      <class name="qaclickacdemy.AppiumTest">
        <test-method status="PASS" signature="AppiummTest()[pri:0, instance:qaclickacdemy.AppiumTest@1a968a59]" name="AppiummTest" duration-ms="6" started-at="2019-03-27T17:38:54Z" finished-at="2019-03-27T17:38:54Z">
          <reporter-output>
          </reporter-output>
        </test-method> <!-- AppiummTest -->
        <test-method status="PASS" signature="iOSAndroid()[pri:0, instance:qaclickacdemy.AppiumTest@1a968a59]" name="iOSAndroid" duration-ms="5" started-at="2019-03-27T17:38:54Z" finished-at="2019-03-27T17:38:54Z">
          <reporter-output>
          </reporter-output>
        </test-method> <!-- iOSAndroid -->
      </class> <!-- qaclickacdemy.AppiumTest -->
    </test> <!-- Test -->
  </suite> <!-- Suite -->
</testng-results>
